<?xml version="1.0" encoding="UTF-8"?>
<!-- Generated by org.testng.reporters.JUnitReportReporter -->
<testsuite hostname="BIPLP26" name="FirstTestNgClass" tests="2" failures="0" timestamp="27 Jul 2021 06:25:03 GMT" time="6.009" errors="0">
  <testcase name="setup" time="5.801" classname="FirstTestNgClass"/>
  <testcase name="getTitle" time="0.208" classname="FirstTestNgClass"/>
</testsuite> <!-- FirstTestNgClass -->
