<?xml version="1.0" encoding="UTF-8"?>
<!-- Generated by org.testng.reporters.JUnitReportReporter -->
<testsuite hostname="BIPLP26" name="test.FirstTestNgClass" tests="2" failures="0" timestamp="27 Jul 2021 06:32:11 GMT" time="7.578" errors="0">
  <testcase name="setup" time="6.654" classname="test.FirstTestNgClass"/>
  <testcase name="getTitle" time="0.924" classname="test.FirstTestNgClass"/>
</testsuite> <!-- test.FirstTestNgClass -->
